{"level":"info","message":"API Gateway is running on port 3000","service":"api-gateway","timestamp":"2026-02-18T05:07:58.479Z"}
{"level":"info","message":"Identity service is running on port http://localhost:3001","service":"api-gateway","timestamp":"2026-02-18T05:07:58.482Z"}
{"level":"info","message":"Redis Url redis://localhost:6379","service":"api-gateway","timestamp":"2026-02-18T05:07:58.483Z"}
{"level":"info","message":"Received POST request to /v1/auth/register","service":"api-gateway","timestamp":"2026-02-18T05:08:56.250Z"}
{"level":"info","message":"Request body, [object Object]","service":"api-gateway","timestamp":"2026-02-18T05:08:56.250Z"}
{"level":"error","message":"Proxy error: connect ECONNREFUSED ::1:3001","service":"api-gateway","timestamp":"2026-02-18T05:08:56.255Z"}
{"level":"info","message":"Received POST request to /v1/auth/register","service":"api-gateway","timestamp":"2026-02-18T05:13:26.254Z"}
{"level":"info","message":"Request body, [object Object]","service":"api-gateway","timestamp":"2026-02-18T05:13:26.254Z"}
{"level":"error","message":"Proxy error: connect ECONNREFUSED ::1:3001","service":"api-gateway","timestamp":"2026-02-18T05:13:26.256Z"}
{"level":"info","message":"API Gateway is running on port 3000","service":"api-gateway","timestamp":"2026-02-18T05:17:07.541Z"}
{"level":"info","message":"Identity service is running on port http://localhost:3001","service":"api-gateway","timestamp":"2026-02-18T05:17:07.544Z"}
{"level":"info","message":"Redis Url redis://localhost:6379","service":"api-gateway","timestamp":"2026-02-18T05:17:07.544Z"}
{"level":"info","message":"Received POST request to /v1/auth/register","service":"api-gateway","timestamp":"2026-02-18T05:17:14.774Z"}
{"level":"info","message":"Request body, [object Object]","service":"api-gateway","timestamp":"2026-02-18T05:17:14.775Z"}
{"level":"error","message":"Proxy error: connect ECONNREFUSED ::1:3001","service":"api-gateway","timestamp":"2026-02-18T05:17:14.780Z"}
{"level":"info","message":"API Gateway is running on port 3000","service":"api-gateway","timestamp":"2026-02-18T05:19:17.356Z"}
{"level":"info","message":"Identity service is running on port http://localhost:3001","service":"api-gateway","timestamp":"2026-02-18T05:19:17.358Z"}
{"level":"info","message":"Redis Url redis://localhost:6379","service":"api-gateway","timestamp":"2026-02-18T05:19:17.359Z"}
{"level":"info","message":"Received POST request to /v1/auth/register","service":"api-gateway","timestamp":"2026-02-18T05:19:24.801Z"}
{"level":"info","message":"Request body, [object Object]","service":"api-gateway","timestamp":"2026-02-18T05:19:24.801Z"}
{"level":"error","message":"Proxy error: connect ECONNREFUSED ::1:3001","service":"api-gateway","timestamp":"2026-02-18T05:19:24.806Z"}
{"level":"info","message":"Received POST request to /v1/auth/register","service":"api-gateway","timestamp":"2026-02-18T05:21:37.457Z"}
{"level":"info","message":"Request body, [object Object]","service":"api-gateway","timestamp":"2026-02-18T05:21:37.457Z"}
{"level":"info","message":"Response received from Identity service: 400","service":"api-gateway","timestamp":"2026-02-18T05:21:37.656Z"}
{"level":"info","message":"Received POST request to /v1/auth/register","service":"api-gateway","timestamp":"2026-02-18T05:22:05.355Z"}
{"level":"info","message":"Request body, [object Object]","service":"api-gateway","timestamp":"2026-02-18T05:22:05.355Z"}
{"level":"info","message":"Response received from Identity service: 400","service":"api-gateway","timestamp":"2026-02-18T05:22:05.403Z"}
{"level":"info","message":"Received POST request to /v1/auth/register","service":"api-gateway","timestamp":"2026-02-18T05:22:18.354Z"}
{"level":"info","message":"Request body, [object Object]","service":"api-gateway","timestamp":"2026-02-18T05:22:18.355Z"}
{"level":"info","message":"Response received from Identity service: 201","service":"api-gateway","timestamp":"2026-02-18T05:22:18.568Z"}
{"level":"info","message":"Received POST request to /v1/auth/login","service":"api-gateway","timestamp":"2026-02-18T07:10:39.472Z"}
{"level":"info","message":"Request body, [object Object]","service":"api-gateway","timestamp":"2026-02-18T07:10:39.472Z"}
{"level":"info","message":"Response received from Identity service: 200","service":"api-gateway","timestamp":"2026-02-18T07:10:39.753Z"}
{"level":"info","message":"Received POST request to /v1/auth/login","service":"api-gateway","timestamp":"2026-02-18T07:10:44.093Z"}
{"level":"info","message":"Request body, [object Object]","service":"api-gateway","timestamp":"2026-02-18T07:10:44.094Z"}
{"level":"info","message":"Response received from Identity service: 200","service":"api-gateway","timestamp":"2026-02-18T07:10:44.332Z"}
{"level":"info","message":"Received POST request to /v1/auth/login","service":"api-gateway","timestamp":"2026-02-18T07:10:47.199Z"}
{"level":"info","message":"Request body, [object Object]","service":"api-gateway","timestamp":"2026-02-18T07:10:47.199Z"}
{"level":"info","message":"Response received from Identity service: 200","service":"api-gateway","timestamp":"2026-02-18T07:10:47.561Z"}
{"level":"info","message":"Received POST request to /v1/auth/login","service":"api-gateway","timestamp":"2026-02-18T07:10:49.826Z"}
{"level":"info","message":"Request body, [object Object]","service":"api-gateway","timestamp":"2026-02-18T07:10:49.827Z"}
{"level":"info","message":"Response received from Identity service: 200","service":"api-gateway","timestamp":"2026-02-18T07:10:49.977Z"}
<<<<<<< HEAD
{"level":"info","message":"API Gateway is running on port 3000","service":"api-gateway","timestamp":"2026-02-18T08:17:49.374Z"}
{"level":"info","message":"Identity service is running on port http://localhost:3001","service":"api-gateway","timestamp":"2026-02-18T08:17:49.376Z"}
{"level":"info","message":"Redis Url redis://localhost:6379","service":"api-gateway","timestamp":"2026-02-18T08:17:49.377Z"}
=======
{"level":"info","message":"API Gateway is running on port 3000","service":"api-gateway","timestamp":"2026-02-18T05:07:58.479Z"}
{"level":"info","message":"Identity service is running on port http://localhost:3001","service":"api-gateway","timestamp":"2026-02-18T05:07:58.482Z"}
{"level":"info","message":"Redis Url redis://localhost:6379","service":"api-gateway","timestamp":"2026-02-18T05:07:58.483Z"}
{"level":"info","message":"Received POST request to /v1/auth/register","service":"api-gateway","timestamp":"2026-02-18T05:08:56.250Z"}
{"level":"info","message":"Request body, [object Object]","service":"api-gateway","timestamp":"2026-02-18T05:08:56.250Z"}
{"level":"error","message":"Proxy error: connect ECONNREFUSED ::1:3001","service":"api-gateway","timestamp":"2026-02-18T05:08:56.255Z"}
{"level":"info","message":"Received POST request to /v1/auth/register","service":"api-gateway","timestamp":"2026-02-18T05:13:26.254Z"}
{"level":"info","message":"Request body, [object Object]","service":"api-gateway","timestamp":"2026-02-18T05:13:26.254Z"}
{"level":"error","message":"Proxy error: connect ECONNREFUSED ::1:3001","service":"api-gateway","timestamp":"2026-02-18T05:13:26.256Z"}
{"level":"info","message":"API Gateway is running on port 3000","service":"api-gateway","timestamp":"2026-02-18T05:17:07.541Z"}
{"level":"info","message":"Identity service is running on port http://localhost:3001","service":"api-gateway","timestamp":"2026-02-18T05:17:07.544Z"}
{"level":"info","message":"Redis Url redis://localhost:6379","service":"api-gateway","timestamp":"2026-02-18T05:17:07.544Z"}
{"level":"info","message":"Received POST request to /v1/auth/register","service":"api-gateway","timestamp":"2026-02-18T05:17:14.774Z"}
{"level":"info","message":"Request body, [object Object]","service":"api-gateway","timestamp":"2026-02-18T05:17:14.775Z"}
{"level":"error","message":"Proxy error: connect ECONNREFUSED ::1:3001","service":"api-gateway","timestamp":"2026-02-18T05:17:14.780Z"}
{"level":"info","message":"API Gateway is running on port 3000","service":"api-gateway","timestamp":"2026-02-18T05:19:17.356Z"}
{"level":"info","message":"Identity service is running on port http://localhost:3001","service":"api-gateway","timestamp":"2026-02-18T05:19:17.358Z"}
{"level":"info","message":"Redis Url redis://localhost:6379","service":"api-gateway","timestamp":"2026-02-18T05:19:17.359Z"}
{"level":"info","message":"Received POST request to /v1/auth/register","service":"api-gateway","timestamp":"2026-02-18T05:19:24.801Z"}
{"level":"info","message":"Request body, [object Object]","service":"api-gateway","timestamp":"2026-02-18T05:19:24.801Z"}
{"level":"error","message":"Proxy error: connect ECONNREFUSED ::1:3001","service":"api-gateway","timestamp":"2026-02-18T05:19:24.806Z"}
{"level":"info","message":"Received POST request to /v1/auth/register","service":"api-gateway","timestamp":"2026-02-18T05:21:37.457Z"}
{"level":"info","message":"Request body, [object Object]","service":"api-gateway","timestamp":"2026-02-18T05:21:37.457Z"}
{"level":"info","message":"Response received from Identity service: 400","service":"api-gateway","timestamp":"2026-02-18T05:21:37.656Z"}
{"level":"info","message":"Received POST request to /v1/auth/register","service":"api-gateway","timestamp":"2026-02-18T05:22:05.355Z"}
{"level":"info","message":"Request body, [object Object]","service":"api-gateway","timestamp":"2026-02-18T05:22:05.355Z"}
{"level":"info","message":"Response received from Identity service: 400","service":"api-gateway","timestamp":"2026-02-18T05:22:05.403Z"}
{"level":"info","message":"Received POST request to /v1/auth/register","service":"api-gateway","timestamp":"2026-02-18T05:22:18.354Z"}
{"level":"info","message":"Request body, [object Object]","service":"api-gateway","timestamp":"2026-02-18T05:22:18.355Z"}
{"level":"info","message":"Response received from Identity service: 201","service":"api-gateway","timestamp":"2026-02-18T05:22:18.568Z"}
{"level":"info","message":"Received POST request to /v1/auth/login","service":"api-gateway","timestamp":"2026-02-18T07:10:39.472Z"}
{"level":"info","message":"Request body, [object Object]","service":"api-gateway","timestamp":"2026-02-18T07:10:39.472Z"}
{"level":"info","message":"Response received from Identity service: 200","service":"api-gateway","timestamp":"2026-02-18T07:10:39.753Z"}
{"level":"info","message":"Received POST request to /v1/auth/login","service":"api-gateway","timestamp":"2026-02-18T07:10:44.093Z"}
{"level":"info","message":"Request body, [object Object]","service":"api-gateway","timestamp":"2026-02-18T07:10:44.094Z"}
{"level":"info","message":"Response received from Identity service: 200","service":"api-gateway","timestamp":"2026-02-18T07:10:44.332Z"}
{"level":"info","message":"Received POST request to /v1/auth/login","service":"api-gateway","timestamp":"2026-02-18T07:10:47.199Z"}
{"level":"info","message":"Request body, [object Object]","service":"api-gateway","timestamp":"2026-02-18T07:10:47.199Z"}
{"level":"info","message":"Response received from Identity service: 200","service":"api-gateway","timestamp":"2026-02-18T07:10:47.561Z"}
{"level":"info","message":"Received POST request to /v1/auth/login","service":"api-gateway","timestamp":"2026-02-18T07:10:49.826Z"}
{"level":"info","message":"Request body, [object Object]","service":"api-gateway","timestamp":"2026-02-18T07:10:49.827Z"}
{"level":"info","message":"Response received from Identity service: 200","service":"api-gateway","timestamp":"2026-02-18T07:10:49.977Z"}
{"level":"info","message":"API Gateway is running on port 3000","service":"api-gateway","timestamp":"2026-02-18T08:17:49.374Z"}
{"level":"info","message":"Identity service is running on port http://localhost:3001","service":"api-gateway","timestamp":"2026-02-18T08:17:49.376Z"}
{"level":"info","message":"Redis Url redis://localhost:6379","service":"api-gateway","timestamp":"2026-02-18T08:17:49.377Z"}
<<<<<<< Updated upstream
{"level":"info","message":"API Gateway is running on port 3000","service":"api-gateway","timestamp":"2026-02-21T09:08:31.561Z"}
{"level":"info","message":"Identity service is running on port http://localhost:3001","service":"api-gateway","timestamp":"2026-02-21T09:08:31.563Z"}
{"level":"info","message":"Post service is running on port http://localhost:3002","service":"api-gateway","timestamp":"2026-02-21T09:08:31.564Z"}
{"level":"info","message":"Redis Url redis://localhost:6379","service":"api-gateway","timestamp":"2026-02-21T09:08:31.564Z"}
{"level":"info","message":"Received POST request to /v1/posts/create-post","service":"api-gateway","timestamp":"2026-02-21T09:10:37.656Z"}
{"level":"warn","message":"Access attempt without valid token","service":"post-service","timestamp":"2026-02-21T09:10:37.657Z"}
{"level":"info","message":"Request body, undefined","service":"api-gateway","timestamp":"2026-02-21T09:10:37.656Z"}
{"level":"info","message":"API Gateway is running on port 3000","service":"api-gateway","timestamp":"2026-02-21T09:11:32.730Z"}
{"level":"info","message":"Identity service is running on port http://localhost:3001","service":"api-gateway","timestamp":"2026-02-21T09:11:32.733Z"}
{"level":"info","message":"Post service is running on port http://localhost:3002","service":"api-gateway","timestamp":"2026-02-21T09:11:32.733Z"}
{"level":"info","message":"Redis Url redis://localhost:6379","service":"api-gateway","timestamp":"2026-02-21T09:11:32.734Z"}
{"level":"info","message":"Received POST request to /v1/posts/create-post","service":"api-gateway","timestamp":"2026-02-21T09:11:36.860Z"}
{"level":"warn","message":"Access attempt without valid token","service":"post-service","timestamp":"2026-02-21T09:11:36.861Z"}
{"level":"info","message":"Request body, undefined","service":"api-gateway","timestamp":"2026-02-21T09:11:36.860Z"}
{"level":"info","message":"Received POST request to /v1/auth/login","service":"api-gateway","timestamp":"2026-02-21T09:15:19.620Z"}
{"level":"info","message":"Request body, [object Object]","service":"api-gateway","timestamp":"2026-02-21T09:15:19.621Z"}
{"level":"error","message":"Proxy error: connect ECONNREFUSED ::1:3001","service":"api-gateway","timestamp":"2026-02-21T09:15:19.628Z"}
{"level":"info","message":"Received POST request to /v1/auth/login","service":"api-gateway","timestamp":"2026-02-21T09:15:32.237Z"}
{"level":"info","message":"Request body, [object Object]","service":"api-gateway","timestamp":"2026-02-21T09:15:32.238Z"}
{"level":"info","message":"Response received from Identity service: 200","service":"api-gateway","timestamp":"2026-02-21T09:15:32.527Z"}
{"level":"info","message":"Received POST request to /v1/posts/create-post","service":"api-gateway","timestamp":"2026-02-21T09:15:54.290Z"}
{"level":"info","message":"Request body, undefined","service":"api-gateway","timestamp":"2026-02-21T09:15:54.291Z"}
{"level":"info","message":"Response received from Post service: 500","service":"api-gateway","timestamp":"2026-02-21T09:15:54.386Z"}
{"level":"info","message":"Received POST request to /v1/posts/create-post","service":"api-gateway","timestamp":"2026-02-21T09:17:37.676Z"}
{"level":"info","message":"Request body, undefined","service":"api-gateway","timestamp":"2026-02-21T09:17:37.677Z"}
{"level":"info","message":"Response received from Post service: 500","service":"api-gateway","timestamp":"2026-02-21T09:17:37.685Z"}
{"level":"info","message":"Received POST request to /v1/posts/create-post","service":"api-gateway","timestamp":"2026-02-21T09:18:39.658Z"}
{"level":"info","message":"Request body, [object Object]","service":"api-gateway","timestamp":"2026-02-21T09:18:39.659Z"}
{"level":"info","message":"Response received from Post service: 201","service":"api-gateway","timestamp":"2026-02-21T09:18:39.722Z"}
{"level":"info","message":"Received POST request to /v1/posts/create-post","service":"api-gateway","timestamp":"2026-02-21T09:22:27.285Z"}
{"level":"info","message":"Request body, [object Object]","service":"api-gateway","timestamp":"2026-02-21T09:22:27.286Z"}
{"level":"info","message":"Response received from Post service: 429","service":"api-gateway","timestamp":"2026-02-21T09:22:27.316Z"}
{"level":"info","message":"Received POST request to /v1/auth/login","service":"api-gateway","timestamp":"2026-02-21T09:22:41.593Z"}
{"level":"info","message":"Request body, [object Object]","service":"api-gateway","timestamp":"2026-02-21T09:22:41.594Z"}
{"level":"info","message":"Response received from Identity service: 200","service":"api-gateway","timestamp":"2026-02-21T09:22:41.790Z"}
{"level":"info","message":"Received POST request to /v1/posts/create-post","service":"api-gateway","timestamp":"2026-02-21T09:22:52.816Z"}
{"level":"info","message":"Request body, [object Object]","service":"api-gateway","timestamp":"2026-02-21T09:22:52.816Z"}
{"level":"info","message":"Response received from Post service: 429","service":"api-gateway","timestamp":"2026-02-21T09:22:52.821Z"}
{"level":"info","message":"Received POST request to /v1/posts/create-post","service":"api-gateway","timestamp":"2026-02-21T09:23:33.164Z"}
{"level":"info","message":"Request body, [object Object]","service":"api-gateway","timestamp":"2026-02-21T09:23:33.164Z"}
{"level":"info","message":"Response received from Post service: 429","service":"api-gateway","timestamp":"2026-02-21T09:23:33.168Z"}
{"level":"info","message":"Received POST request to /v1/posts/create-post","service":"api-gateway","timestamp":"2026-02-21T09:24:03.294Z"}
{"level":"info","message":"Request body, [object Object]","service":"api-gateway","timestamp":"2026-02-21T09:24:03.295Z"}
{"level":"info","message":"Response received from Post service: 429","service":"api-gateway","timestamp":"2026-02-21T09:24:03.302Z"}
{"level":"info","message":"Received POST request to /v1/posts/create-post","service":"api-gateway","timestamp":"2026-02-21T09:24:22.265Z"}
{"level":"info","message":"Request body, [object Object]","service":"api-gateway","timestamp":"2026-02-21T09:24:22.265Z"}
{"level":"info","message":"Response received from Post service: 429","service":"api-gateway","timestamp":"2026-02-21T09:24:22.270Z"}
{"level":"info","message":"Received POST request to /v1/posts/create-post","service":"api-gateway","timestamp":"2026-02-21T09:24:34.192Z"}
{"level":"info","message":"Request body, [object Object]","service":"api-gateway","timestamp":"2026-02-21T09:24:34.192Z"}
{"level":"info","message":"Response received from Post service: 201","service":"api-gateway","timestamp":"2026-02-21T09:24:34.268Z"}
{"level":"info","message":"Received POST request to /v1/posts/create-post","service":"api-gateway","timestamp":"2026-02-21T09:25:07.450Z"}
{"level":"warn","message":"Invalid token","service":"post-service","timestamp":"2026-02-21T09:25:07.452Z"}
{"level":"info","message":"Request body, [object Object]","service":"api-gateway","timestamp":"2026-02-21T09:25:07.451Z"}
{"level":"info","message":"Received POST request to /v1/posts/create-post","service":"api-gateway","timestamp":"2026-02-21T09:25:10.898Z"}
{"level":"info","message":"Request body, [object Object]","service":"api-gateway","timestamp":"2026-02-21T09:25:10.899Z"}
{"level":"info","message":"Response received from Post service: 201","service":"api-gateway","timestamp":"2026-02-21T09:25:10.949Z"}
{"level":"info","message":"Received GET request to /v1/posts/get-posts","service":"api-gateway","timestamp":"2026-02-21T09:54:55.856Z"}
{"level":"warn","message":"Invalid token","service":"post-service","timestamp":"2026-02-21T09:54:55.858Z"}
{"level":"info","message":"Request body, undefined","service":"api-gateway","timestamp":"2026-02-21T09:54:55.856Z"}
{"level":"info","message":"Received POST request to /v1/auth/login","service":"api-gateway","timestamp":"2026-02-21T09:55:11.356Z"}
{"level":"info","message":"Request body, [object Object]","service":"api-gateway","timestamp":"2026-02-21T09:55:11.356Z"}
{"level":"info","message":"Response received from Identity service: 200","service":"api-gateway","timestamp":"2026-02-21T09:55:11.600Z"}
{"level":"info","message":"Received GET request to /v1/posts/get-posts","service":"api-gateway","timestamp":"2026-02-21T09:55:22.436Z"}
{"level":"info","message":"Request body, undefined","service":"api-gateway","timestamp":"2026-02-21T09:55:22.437Z"}
{"level":"info","message":"Response received from Post service: 404","service":"api-gateway","timestamp":"2026-02-21T09:55:22.443Z"}
{"level":"info","message":"Received GET request to /v1/posts/get-posts","service":"api-gateway","timestamp":"2026-02-21T10:04:16.449Z"}
{"level":"info","message":"Request body, undefined","service":"api-gateway","timestamp":"2026-02-21T10:04:16.449Z"}
{"level":"info","message":"Response received from Post service: 404","service":"api-gateway","timestamp":"2026-02-21T10:04:16.453Z"}
{"level":"info","message":"Received GET request to /v1/posts/get-posts","service":"api-gateway","timestamp":"2026-02-21T10:04:56.478Z"}
{"level":"info","message":"Request body, undefined","service":"api-gateway","timestamp":"2026-02-21T10:04:56.478Z"}
{"level":"info","message":"Response received from Post service: 404","service":"api-gateway","timestamp":"2026-02-21T10:04:56.482Z"}
{"level":"info","message":"Received GET request to /v1/posts/get-posts","service":"api-gateway","timestamp":"2026-02-21T10:05:17.318Z"}
{"level":"info","message":"Request body, undefined","service":"api-gateway","timestamp":"2026-02-21T10:05:17.319Z"}
{"level":"info","message":"Response received from Post service: 500","service":"api-gateway","timestamp":"2026-02-21T10:05:17.436Z"}
{"level":"info","message":"Received GET request to /v1/posts/get-posts","service":"api-gateway","timestamp":"2026-02-21T10:05:20.603Z"}
{"level":"info","message":"Request body, undefined","service":"api-gateway","timestamp":"2026-02-21T10:05:20.603Z"}
{"level":"info","message":"Response received from Post service: 500","service":"api-gateway","timestamp":"2026-02-21T10:05:20.729Z"}
{"level":"info","message":"Received GET request to /v1/posts/get-posts","service":"api-gateway","timestamp":"2026-02-21T10:05:54.526Z"}
{"level":"info","message":"Request body, undefined","service":"api-gateway","timestamp":"2026-02-21T10:05:54.526Z"}
{"level":"info","message":"Response received from Post service: 500","service":"api-gateway","timestamp":"2026-02-21T10:05:54.687Z"}
{"level":"info","message":"Received GET request to /v1/posts/get-posts","service":"api-gateway","timestamp":"2026-02-21T10:06:35.449Z"}
{"level":"info","message":"Request body, undefined","service":"api-gateway","timestamp":"2026-02-21T10:06:35.450Z"}
{"level":"info","message":"Response received from Post service: 500","service":"api-gateway","timestamp":"2026-02-21T10:06:35.542Z"}
{"level":"info","message":"Received GET request to /v1/posts/get-posts","service":"api-gateway","timestamp":"2026-02-21T10:07:19.157Z"}
{"level":"info","message":"Request body, undefined","service":"api-gateway","timestamp":"2026-02-21T10:07:19.157Z"}
{"level":"info","message":"Response received from Post service: 500","service":"api-gateway","timestamp":"2026-02-21T10:07:19.241Z"}
{"level":"info","message":"Received GET request to /v1/posts/get-posts","service":"api-gateway","timestamp":"2026-02-21T10:09:40.526Z"}
{"level":"info","message":"Request body, undefined","service":"api-gateway","timestamp":"2026-02-21T10:09:40.527Z"}
{"level":"info","message":"Response received from Post service: 500","service":"api-gateway","timestamp":"2026-02-21T10:09:40.607Z"}
{"level":"info","message":"Received GET request to /v1/posts/get-posts","service":"api-gateway","timestamp":"2026-02-21T10:11:38.601Z"}
{"level":"warn","message":"Invalid token","service":"post-service","timestamp":"2026-02-21T10:11:38.603Z"}
{"level":"info","message":"Request body, undefined","service":"api-gateway","timestamp":"2026-02-21T10:11:38.602Z"}
{"level":"info","message":"Received GET request to /v1/posts/get-posts","service":"api-gateway","timestamp":"2026-02-21T10:11:41.959Z"}
{"level":"warn","message":"Access attempt without valid token","service":"post-service","timestamp":"2026-02-21T10:11:41.959Z"}
{"level":"info","message":"Request body, undefined","service":"api-gateway","timestamp":"2026-02-21T10:11:41.959Z"}
{"level":"info","message":"Received GET request to /v1/posts/get-posts","service":"api-gateway","timestamp":"2026-02-21T10:11:45.948Z"}
{"level":"warn","message":"Invalid token","service":"post-service","timestamp":"2026-02-21T10:11:45.950Z"}
{"level":"info","message":"Request body, undefined","service":"api-gateway","timestamp":"2026-02-21T10:11:45.949Z"}
{"level":"info","message":"Received GET request to /v1/posts/get-posts","service":"api-gateway","timestamp":"2026-02-21T10:11:49.166Z"}
{"level":"warn","message":"Invalid token","service":"post-service","timestamp":"2026-02-21T10:11:49.169Z"}
{"level":"info","message":"Request body, undefined","service":"api-gateway","timestamp":"2026-02-21T10:11:49.167Z"}
{"level":"info","message":"Received POST request to /v1/auth/login","service":"api-gateway","timestamp":"2026-02-21T10:11:54.319Z"}
{"level":"info","message":"Request body, [object Object]","service":"api-gateway","timestamp":"2026-02-21T10:11:54.320Z"}
{"level":"info","message":"Response received from Identity service: 200","service":"api-gateway","timestamp":"2026-02-21T10:11:54.479Z"}
{"level":"info","message":"Received GET request to /v1/posts/get-posts","service":"api-gateway","timestamp":"2026-02-21T10:12:04.217Z"}
{"level":"info","message":"Request body, undefined","service":"api-gateway","timestamp":"2026-02-21T10:12:04.217Z"}
{"level":"info","message":"Response received from Post service: 500","service":"api-gateway","timestamp":"2026-02-21T10:12:04.356Z"}
{"level":"info","message":"Received GET request to /v1/posts/get-posts","service":"api-gateway","timestamp":"2026-02-21T10:13:53.310Z"}
{"level":"info","message":"Request body, undefined","service":"api-gateway","timestamp":"2026-02-21T10:13:53.311Z"}
{"level":"info","message":"Response received from Post service: 500","service":"api-gateway","timestamp":"2026-02-21T10:13:53.391Z"}
{"level":"info","message":"Received GET request to /v1/posts/get-posts","service":"api-gateway","timestamp":"2026-02-21T10:14:59.694Z"}
{"level":"info","message":"Request body, undefined","service":"api-gateway","timestamp":"2026-02-21T10:14:59.694Z"}
{"level":"info","message":"Response received from Post service: 500","service":"api-gateway","timestamp":"2026-02-21T10:14:59.789Z"}
{"level":"info","message":"Received GET request to /v1/posts/get-posts","service":"api-gateway","timestamp":"2026-02-21T10:15:34.223Z"}
{"level":"info","message":"Request body, undefined","service":"api-gateway","timestamp":"2026-02-21T10:15:34.224Z"}
{"level":"info","message":"Response received from Post service: 500","service":"api-gateway","timestamp":"2026-02-21T10:15:34.300Z"}
{"level":"info","message":"Received GET request to /v1/posts/get-posts","service":"api-gateway","timestamp":"2026-02-21T10:16:01.421Z"}
{"level":"info","message":"Request body, undefined","service":"api-gateway","timestamp":"2026-02-21T10:16:01.421Z"}
{"level":"info","message":"Response received from Post service: 200","service":"api-gateway","timestamp":"2026-02-21T10:16:01.547Z"}
{"level":"info","message":"Received POST request to /v1/posts/create-post","service":"api-gateway","timestamp":"2026-02-21T10:16:40.600Z"}
{"level":"info","message":"Request body, [object Object]","service":"api-gateway","timestamp":"2026-02-21T10:16:40.601Z"}
{"level":"info","message":"Response received from Post service: 201","service":"api-gateway","timestamp":"2026-02-21T10:16:40.665Z"}
{"level":"info","message":"Received POST request to /v1/posts/create-post","service":"api-gateway","timestamp":"2026-02-21T10:16:43.946Z"}
{"level":"info","message":"Request body, [object Object]","service":"api-gateway","timestamp":"2026-02-21T10:16:43.946Z"}
{"level":"info","message":"Response received from Post service: 201","service":"api-gateway","timestamp":"2026-02-21T10:16:43.993Z"}
{"level":"info","message":"Received POST request to /v1/posts/create-post","service":"api-gateway","timestamp":"2026-02-21T10:16:47.151Z"}
{"level":"info","message":"Request body, [object Object]","service":"api-gateway","timestamp":"2026-02-21T10:16:47.151Z"}
{"level":"info","message":"Response received from Post service: 201","service":"api-gateway","timestamp":"2026-02-21T10:16:47.221Z"}
{"level":"info","message":"Received GET request to /v1/posts/get-posts","service":"api-gateway","timestamp":"2026-02-21T10:16:50.612Z"}
{"level":"info","message":"Request body, undefined","service":"api-gateway","timestamp":"2026-02-21T10:16:50.612Z"}
{"level":"info","message":"Response received from Post service: 200","service":"api-gateway","timestamp":"2026-02-21T10:16:50.620Z"}
{"level":"info","message":"Received GET request to /v1/posts/get-posts","service":"api-gateway","timestamp":"2026-02-21T10:17:02.372Z"}
{"level":"info","message":"Request body, undefined","service":"api-gateway","timestamp":"2026-02-21T10:17:02.372Z"}
{"level":"info","message":"Response received from Post service: 200","service":"api-gateway","timestamp":"2026-02-21T10:17:02.377Z"}
{"level":"info","message":"Received GET request to /v1/posts/get-posts?page=1&limit=4","service":"api-gateway","timestamp":"2026-02-21T10:17:59.910Z"}
{"level":"info","message":"Request body, undefined","service":"api-gateway","timestamp":"2026-02-21T10:17:59.910Z"}
{"level":"info","message":"Response received from Post service: 200","service":"api-gateway","timestamp":"2026-02-21T10:18:00.015Z"}
{"level":"info","message":"Received GET request to /v1/posts/get-posts?page=0&limit=4","service":"api-gateway","timestamp":"2026-02-21T10:18:09.678Z"}
{"level":"info","message":"Request body, undefined","service":"api-gateway","timestamp":"2026-02-21T10:18:09.679Z"}
{"level":"info","message":"Response received from Post service: 200","service":"api-gateway","timestamp":"2026-02-21T10:18:09.685Z"}
{"level":"info","message":"Received GET request to /v1/posts/get-posts?page=1&limit=4","service":"api-gateway","timestamp":"2026-02-21T10:18:33.353Z"}
{"level":"info","message":"Request body, undefined","service":"api-gateway","timestamp":"2026-02-21T10:18:33.354Z"}
{"level":"info","message":"Response received from Post service: 200","service":"api-gateway","timestamp":"2026-02-21T10:18:33.363Z"}
{"level":"info","message":"Received GET request to /v1/posts/get-posts","service":"api-gateway","timestamp":"2026-02-21T10:18:47.298Z"}
{"level":"info","message":"Request body, undefined","service":"api-gateway","timestamp":"2026-02-21T10:18:47.299Z"}
{"level":"info","message":"Response received from Post service: 200","service":"api-gateway","timestamp":"2026-02-21T10:18:47.305Z"}
{"level":"info","message":"Received GET request to /v1/posts/get-posts?limit=4","service":"api-gateway","timestamp":"2026-02-21T10:19:01.230Z"}
{"level":"info","message":"Request body, undefined","service":"api-gateway","timestamp":"2026-02-21T10:19:01.230Z"}
{"level":"info","message":"Response received from Post service: 200","service":"api-gateway","timestamp":"2026-02-21T10:19:01.238Z"}
{"level":"info","message":"Received GET request to /v1/posts/get-posts?page=0&limit=4","service":"api-gateway","timestamp":"2026-02-21T10:19:13.276Z"}
{"level":"info","message":"Request body, undefined","service":"api-gateway","timestamp":"2026-02-21T10:19:13.276Z"}
{"level":"info","message":"Response received from Post service: 200","service":"api-gateway","timestamp":"2026-02-21T10:19:13.281Z"}
{"level":"info","message":"Received GET request to /v1/posts/get-posts?page=0&limit=2","service":"api-gateway","timestamp":"2026-02-21T10:19:20.122Z"}
{"level":"info","message":"Request body, undefined","service":"api-gateway","timestamp":"2026-02-21T10:19:20.122Z"}
{"level":"info","message":"Response received from Post service: 200","service":"api-gateway","timestamp":"2026-02-21T10:19:20.201Z"}
{"level":"info","message":"Received GET request to /v1/posts/get-posts?page=0&limit=2","service":"api-gateway","timestamp":"2026-02-21T10:19:46.304Z"}
{"level":"info","message":"Request body, undefined","service":"api-gateway","timestamp":"2026-02-21T10:19:46.305Z"}
{"level":"info","message":"Response received from Post service: 200","service":"api-gateway","timestamp":"2026-02-21T10:19:46.310Z"}
{"level":"info","message":"Received GET request to /v1/posts/get-posts","service":"api-gateway","timestamp":"2026-02-21T10:19:51.227Z"}
{"level":"info","message":"Request body, undefined","service":"api-gateway","timestamp":"2026-02-21T10:19:51.227Z"}
{"level":"info","message":"Response received from Post service: 200","service":"api-gateway","timestamp":"2026-02-21T10:19:51.232Z"}
{"level":"info","message":"Received GET request to /v1/posts/get-posts","service":"api-gateway","timestamp":"2026-02-21T10:19:53.795Z"}
{"level":"info","message":"Request body, undefined","service":"api-gateway","timestamp":"2026-02-21T10:19:53.795Z"}
{"level":"info","message":"Response received from Post service: 200","service":"api-gateway","timestamp":"2026-02-21T10:19:53.800Z"}
{"level":"info","message":"Received GET request to /v1/posts/get-posts","service":"api-gateway","timestamp":"2026-02-21T10:19:56.011Z"}
{"level":"info","message":"Request body, undefined","service":"api-gateway","timestamp":"2026-02-21T10:19:56.011Z"}
{"level":"info","message":"Response received from Post service: 200","service":"api-gateway","timestamp":"2026-02-21T10:19:56.016Z"}
{"level":"info","message":"Received GET request to /v1/posts/get-posts","service":"api-gateway","timestamp":"2026-02-21T10:19:58.105Z"}
{"level":"info","message":"Request body, undefined","service":"api-gateway","timestamp":"2026-02-21T10:19:58.106Z"}
{"level":"info","message":"Response received from Post service: 200","service":"api-gateway","timestamp":"2026-02-21T10:19:58.115Z"}
{"level":"info","message":"Received GET request to /v1/posts/get-posts","service":"api-gateway","timestamp":"2026-02-21T10:20:00.273Z"}
{"level":"info","message":"Request body, undefined","service":"api-gateway","timestamp":"2026-02-21T10:20:00.273Z"}
{"level":"info","message":"Response received from Post service: 200","service":"api-gateway","timestamp":"2026-02-21T10:20:00.282Z"}
{"level":"info","message":"Received GET request to /v1/posts/get-posts","service":"api-gateway","timestamp":"2026-02-21T10:20:03.012Z"}
{"level":"info","message":"Request body, undefined","service":"api-gateway","timestamp":"2026-02-21T10:20:03.013Z"}
{"level":"info","message":"Response received from Post service: 200","service":"api-gateway","timestamp":"2026-02-21T10:20:03.018Z"}
{"level":"info","message":"Received POST request to /v1/posts/create-post","service":"api-gateway","timestamp":"2026-02-21T10:31:02.516Z"}
{"level":"warn","message":"Invalid token","service":"post-service","timestamp":"2026-02-21T10:31:02.517Z"}
{"level":"info","message":"Request body, [object Object]","service":"api-gateway","timestamp":"2026-02-21T10:31:02.516Z"}
{"level":"info","message":"Received POST request to /v1/auth/login","service":"api-gateway","timestamp":"2026-02-21T10:31:08.107Z"}
{"level":"info","message":"Request body, [object Object]","service":"api-gateway","timestamp":"2026-02-21T10:31:08.108Z"}
{"level":"info","message":"Response received from Identity service: 200","service":"api-gateway","timestamp":"2026-02-21T10:31:08.262Z"}
{"level":"info","message":"Received POST request to /v1/posts/create-post","service":"api-gateway","timestamp":"2026-02-21T10:31:31.482Z"}
{"level":"info","message":"Request body, [object Object]","service":"api-gateway","timestamp":"2026-02-21T10:31:31.482Z"}
{"level":"info","message":"Response received from Post service: 201","service":"api-gateway","timestamp":"2026-02-21T10:31:31.533Z"}
{"level":"info","message":"Received GET request to /v1/posts/get-posts","service":"api-gateway","timestamp":"2026-02-21T10:31:37.083Z"}
{"level":"info","message":"Request body, undefined","service":"api-gateway","timestamp":"2026-02-21T10:31:37.084Z"}
{"level":"info","message":"Response received from Post service: 200","service":"api-gateway","timestamp":"2026-02-21T10:31:37.253Z"}
{"level":"info","message":"Received GET request to /v1/posts/get-posts","service":"api-gateway","timestamp":"2026-02-21T10:31:40.614Z"}
{"level":"info","message":"Request body, undefined","service":"api-gateway","timestamp":"2026-02-21T10:31:40.614Z"}
{"level":"info","message":"Response received from Post service: 200","service":"api-gateway","timestamp":"2026-02-21T10:31:40.621Z"}
{"level":"info","message":"Received GET request to /v1/posts/get-posts","service":"api-gateway","timestamp":"2026-02-21T10:41:20.684Z"}
{"level":"info","message":"Request body, undefined","service":"api-gateway","timestamp":"2026-02-21T10:41:20.684Z"}
{"level":"info","message":"Response received from Post service: 200","service":"api-gateway","timestamp":"2026-02-21T10:41:20.763Z"}
{"level":"info","message":"Received GET request to /v1/posts/get-posts?limit=1","service":"api-gateway","timestamp":"2026-02-21T10:41:42.964Z"}
{"level":"info","message":"Request body, undefined","service":"api-gateway","timestamp":"2026-02-21T10:41:42.964Z"}
{"level":"info","message":"Response received from Post service: 200","service":"api-gateway","timestamp":"2026-02-21T10:41:43.041Z"}
{"level":"info","message":"Received GET request to /v1/posts","service":"api-gateway","timestamp":"2026-02-21T10:48:07.718Z"}
{"level":"warn","message":"Invalid token","service":"post-service","timestamp":"2026-02-21T10:48:07.719Z"}
{"level":"info","message":"Request body, undefined","service":"api-gateway","timestamp":"2026-02-21T10:48:07.718Z"}
{"level":"info","message":"Received POST request to /v1/auth/login","service":"api-gateway","timestamp":"2026-02-21T10:48:14.559Z"}
{"level":"info","message":"Request body, [object Object]","service":"api-gateway","timestamp":"2026-02-21T10:48:14.560Z"}
{"level":"info","message":"Response received from Identity service: 200","service":"api-gateway","timestamp":"2026-02-21T10:48:14.752Z"}
{"level":"info","message":"Received GET request to /v1/posts","service":"api-gateway","timestamp":"2026-02-21T10:48:26.297Z"}
{"level":"info","message":"Request body, undefined","service":"api-gateway","timestamp":"2026-02-21T10:48:26.298Z"}
{"level":"info","message":"Response received from Post service: 404","service":"api-gateway","timestamp":"2026-02-21T10:48:26.304Z"}
{"level":"info","message":"Received GET request to /v1/posts/1","service":"api-gateway","timestamp":"2026-02-21T10:48:41.836Z"}
{"level":"info","message":"Request body, undefined","service":"api-gateway","timestamp":"2026-02-21T10:48:41.836Z"}
{"level":"info","message":"Response received from Post service: 404","service":"api-gateway","timestamp":"2026-02-21T10:48:41.841Z"}
{"level":"info","message":"Received GET request to /v1/posts","service":"api-gateway","timestamp":"2026-02-21T10:48:56.324Z"}
{"level":"info","message":"Request body, undefined","service":"api-gateway","timestamp":"2026-02-21T10:48:56.325Z"}
{"level":"info","message":"Response received from Post service: 404","service":"api-gateway","timestamp":"2026-02-21T10:48:56.328Z"}
{"level":"info","message":"Received GET request to /v1/posts/699989838c4305b30b3f8138","service":"api-gateway","timestamp":"2026-02-21T10:49:13.859Z"}
{"level":"info","message":"Request body, undefined","service":"api-gateway","timestamp":"2026-02-21T10:49:13.859Z"}
{"level":"info","message":"Response received from Post service: 404","service":"api-gateway","timestamp":"2026-02-21T10:49:13.867Z"}
{"level":"info","message":"Received GET request to /v1/posts/get-posts","service":"api-gateway","timestamp":"2026-02-21T10:49:35.155Z"}
{"level":"warn","message":"Invalid token","service":"post-service","timestamp":"2026-02-21T10:49:35.156Z"}
{"level":"info","message":"Request body, undefined","service":"api-gateway","timestamp":"2026-02-21T10:49:35.155Z"}
{"level":"info","message":"Received GET request to /v1/posts/get-posts","service":"api-gateway","timestamp":"2026-02-21T10:49:47.151Z"}
{"level":"info","message":"Request body, undefined","service":"api-gateway","timestamp":"2026-02-21T10:49:47.151Z"}
{"level":"info","message":"Response received from Post service: 200","service":"api-gateway","timestamp":"2026-02-21T10:49:47.344Z"}
{"level":"info","message":"Received GET request to /v1/posts/699989838c4305b30b3f8138","service":"api-gateway","timestamp":"2026-02-21T10:50:02.903Z"}
{"level":"info","message":"Request body, undefined","service":"api-gateway","timestamp":"2026-02-21T10:50:02.903Z"}
{"level":"info","message":"Response received from Post service: 404","service":"api-gateway","timestamp":"2026-02-21T10:50:02.907Z"}
{"level":"info","message":"Received GET request to /v1/posts/699989838c4305b30b3f8138","service":"api-gateway","timestamp":"2026-02-21T10:51:46.014Z"}
{"level":"info","message":"Request body, undefined","service":"api-gateway","timestamp":"2026-02-21T10:51:46.015Z"}
{"level":"info","message":"Response received from Post service: 404","service":"api-gateway","timestamp":"2026-02-21T10:51:46.019Z"}
{"level":"info","message":"Received GET request to /v1/posts/699989838c4305b30b3f8138","service":"api-gateway","timestamp":"2026-02-21T10:52:08.815Z"}
{"level":"info","message":"Request body, undefined","service":"api-gateway","timestamp":"2026-02-21T10:52:08.815Z"}
{"level":"info","message":"Response received from Post service: 200","service":"api-gateway","timestamp":"2026-02-21T10:52:08.888Z"}
{"level":"info","message":"Received GET request to /v1/posts","service":"api-gateway","timestamp":"2026-02-21T11:05:18.410Z"}
{"level":"warn","message":"Invalid token","service":"post-service","timestamp":"2026-02-21T11:05:18.411Z"}
{"level":"info","message":"Request body, undefined","service":"api-gateway","timestamp":"2026-02-21T11:05:18.410Z"}
{"level":"info","message":"Received POST request to /v1/auth/login","service":"api-gateway","timestamp":"2026-02-21T11:05:24.533Z"}
{"level":"info","message":"Request body, [object Object]","service":"api-gateway","timestamp":"2026-02-21T11:05:24.533Z"}
{"level":"info","message":"Response received from Identity service: 200","service":"api-gateway","timestamp":"2026-02-21T11:05:24.689Z"}
{"level":"info","message":"Received GET request to /v1/posts","service":"api-gateway","timestamp":"2026-02-21T11:05:34.198Z"}
{"level":"info","message":"Request body, undefined","service":"api-gateway","timestamp":"2026-02-21T11:05:34.198Z"}
{"level":"info","message":"Response received from Post service: 404","service":"api-gateway","timestamp":"2026-02-21T11:05:34.205Z"}
{"level":"info","message":"Received GET request to /v1/posts","service":"api-gateway","timestamp":"2026-02-21T11:05:46.643Z"}
{"level":"info","message":"Request body, undefined","service":"api-gateway","timestamp":"2026-02-21T11:05:46.643Z"}
{"level":"info","message":"Response received from Post service: 404","service":"api-gateway","timestamp":"2026-02-21T11:05:46.648Z"}
{"level":"info","message":"Received GET request to /v1/posts?id=699989838c4305b30b3f8138","service":"api-gateway","timestamp":"2026-02-21T11:06:07.123Z"}
{"level":"info","message":"Request body, undefined","service":"api-gateway","timestamp":"2026-02-21T11:06:07.123Z"}
{"level":"info","message":"Response received from Post service: 404","service":"api-gateway","timestamp":"2026-02-21T11:06:07.178Z"}
{"level":"info","message":"Received GET request to /v1/posts/699989838c4305b30b3f8138","service":"api-gateway","timestamp":"2026-02-21T11:06:16.490Z"}
{"level":"info","message":"Request body, undefined","service":"api-gateway","timestamp":"2026-02-21T11:06:16.491Z"}
{"level":"info","message":"Response received from Post service: 200","service":"api-gateway","timestamp":"2026-02-21T11:06:16.537Z"}
{"level":"info","message":"Received GET request to /v1/posts/","service":"api-gateway","timestamp":"2026-02-21T11:06:30.297Z"}
{"level":"info","message":"Request body, undefined","service":"api-gateway","timestamp":"2026-02-21T11:06:30.298Z"}
{"level":"info","message":"Response received from Post service: 404","service":"api-gateway","timestamp":"2026-02-21T11:06:30.301Z"}
{"level":"info","message":"Received DELETE request to /v1/posts/699989838c4305b30b3f8138","service":"api-gateway","timestamp":"2026-02-21T11:09:03.571Z"}
{"level":"info","message":"Request body, undefined","service":"api-gateway","timestamp":"2026-02-21T11:09:03.571Z"}
{"level":"info","message":"Response received from Post service: 200","service":"api-gateway","timestamp":"2026-02-21T11:09:03.643Z"}
{"level":"info","message":"Received GET request to /v1/posts/699989838c4305b30b3f8138","service":"api-gateway","timestamp":"2026-02-21T11:09:08.647Z"}
{"level":"info","message":"Request body, undefined","service":"api-gateway","timestamp":"2026-02-21T11:09:08.647Z"}
{"level":"info","message":"Response received from Post service: 404","service":"api-gateway","timestamp":"2026-02-21T11:09:08.715Z"}
{"level":"info","message":"Received GET request to /v1/posts/get-posts","service":"api-gateway","timestamp":"2026-02-21T11:09:13.455Z"}
{"level":"warn","message":"Invalid token","service":"post-service","timestamp":"2026-02-21T11:09:13.457Z"}
{"level":"info","message":"Request body, undefined","service":"api-gateway","timestamp":"2026-02-21T11:09:13.456Z"}
{"level":"info","message":"Received POST request to /v1/auth/login","service":"api-gateway","timestamp":"2026-02-21T11:10:15.549Z"}
{"level":"info","message":"Request body, [object Object]","service":"api-gateway","timestamp":"2026-02-21T11:10:15.549Z"}
{"level":"info","message":"Response received from Identity service: 200","service":"api-gateway","timestamp":"2026-02-21T11:10:15.737Z"}
{"level":"info","message":"Received GET request to /v1/posts/get-posts","service":"api-gateway","timestamp":"2026-02-21T11:10:32.765Z"}
{"level":"info","message":"Request body, undefined","service":"api-gateway","timestamp":"2026-02-21T11:10:32.765Z"}
{"level":"info","message":"Response received from Post service: 200","service":"api-gateway","timestamp":"2026-02-21T11:10:32.892Z"}
{"level":"info","message":"Received GET request to /v1/posts/get-posts","service":"api-gateway","timestamp":"2026-02-21T11:10:37.890Z"}
{"level":"info","message":"Request body, undefined","service":"api-gateway","timestamp":"2026-02-21T11:10:37.890Z"}
{"level":"info","message":"Response received from Post service: 200","service":"api-gateway","timestamp":"2026-02-21T11:10:37.895Z"}
{"level":"info","message":"API Gateway is running on port 3000","service":"api-gateway","timestamp":"2026-02-21T11:35:34.826Z"}
{"level":"info","message":"Identity service is running on port http://localhost:3001","service":"api-gateway","timestamp":"2026-02-21T11:35:34.829Z"}
{"level":"info","message":"Post service is running on port http://localhost:3002","service":"api-gateway","timestamp":"2026-02-21T11:35:34.829Z"}
{"level":"info","message":"Redis Url redis://localhost:6379","service":"api-gateway","timestamp":"2026-02-21T11:35:34.829Z"}
{"level":"info","message":"API Gateway is running on port 3000","service":"api-gateway","timestamp":"2026-02-21T11:35:06.149Z"}
{"level":"info","message":"Identity service is running on port http://localhost:3001","service":"api-gateway","timestamp":"2026-02-21T11:35:06.151Z"}
{"level":"info","message":"Redis Url redis://localhost:6379","service":"api-gateway","timestamp":"2026-02-21T11:35:06.152Z"}
